# JRE version: OpenJDK Runtime Environment (8.0_242-b01) (build 1.8.0_242-release-1644-b01)
# Java VM: OpenJDK 64-Bit Server VM (25.242-b01 mixed mode windows-amd64 compressed oops)
Heap:
 PSYoungGen      total 247296K, used 74793K [0x00000000d5580000, 0x00000000ee900000, 0x0000000100000000)
  eden space 222208K, 33% used [0x00000000d5580000,0x00000000d9e8a410,0x00000000e2e80000)
  from space 25088K, 0% used [0x00000000e7280000,0x00000000e7280000,0x00000000e8b00000)
  to   space 69632K, 0% used [0x00000000e2e80000,0x00000000e2e80000,0x00000000e7280000)
 ParOldGen       total 232448K, used 99821K [0x0000000080000000, 0x000000008e300000, 0x00000000d5580000)
  object space 232448K, 42% used [0x0000000080000000,0x000000008617b6c8,0x000000008e300000)
 Metaspace       used 75147K, capacity 78279K, committed 79016K, reserved 1118208K
  class space    used 9916K, capacity 10563K, committed 10672K, reserved 1048576K
GC Heap History (10 events):
Event: 10.274 GC heap before
{Heap before GC invocations=14 (full 3):
 PSYoungGen      total 192512K, used 15853K [0x00000000d5580000, 0x00000000e5d80000, 0x0000000100000000)
  eden space 176640K, 0% used [0x00000000d5580000,0x00000000d5580000,0x00000000e0200000)
  from space 15872K, 99% used [0x00000000e0200000,0x00000000e117b658,0x00000000e1180000)
  to   space 20992K, 0% used [0x00000000e4900000,0x00000000e4900000,0x00000000e5d80000)
 ParOldGen       total 71680K, used 28540K [0x0000000080000000, 0x0000000084600000, 0x00000000d5580000)
  object space 71680K, 39% used [0x0000000080000000,0x0000000081bdf3a0,0x0000000084600000)
 Metaspace       used 57110K, capacity 59111K, committed 59160K, reserved 1099776K
  class space    used 7842K, capacity 8319K, committed 8368K, reserved 1048576K
Event: 10.506 GC heap after
Heap after GC invocations=14 (full 3):
 PSYoungGen      total 192512K, used 0K [0x00000000d5580000, 0x00000000e5d80000, 0x0000000100000000)
  eden space 176640K, 0% used [0x00000000d5580000,0x00000000d5580000,0x00000000e0200000)
  from space 15872K, 0% used [0x00000000e0200000,0x00000000e0200000,0x00000000e1180000)
  to   space 20992K, 0% used [0x00000000e4900000,0x00000000e4900000,0x00000000e5d80000)
 ParOldGen       total 108032K, used 35946K [0x0000000080000000, 0x0000000086980000, 0x00000000d5580000)
  object space 108032K, 33% used [0x0000000080000000,0x000000008231a9e8,0x0000000086980000)
 Metaspace       used 57091K, capacity 59045K, committed 59160K, reserved 1099776K
  class space    used 7836K, capacity 8308K, committed 8368K, reserved 1048576K
}
Event: 13.371 GC heap before
{Heap before GC invocations=15 (full 3):
 PSYoungGen      total 192512K, used 176640K [0x00000000d5580000, 0x00000000e5d80000, 0x0000000100000000)
  eden space 176640K, 100% used [0x00000000d5580000,0x00000000e0200000,0x00000000e0200000)
  from space 15872K, 0% used [0x00000000e0200000,0x00000000e0200000,0x00000000e1180000)
  to   space 20992K, 0% used [0x00000000e4900000,0x00000000e4900000,0x00000000e5d80000)
 ParOldGen       total 108032K, used 35946K [0x0000000080000000, 0x0000000086980000, 0x00000000d5580000)
  object space 108032K, 33% used [0x0000000080000000,0x000000008231a9e8,0x0000000086980000)
 Metaspace       used 62283K, capacity 65195K, committed 65320K, reserved 1105920K
  class space    used 8632K, capacity 9223K, committed 9264K, reserved 1048576K
Event: 13.393 GC heap after
Heap after GC invocations=15 (full 3):
 PSYoungGen      total 235520K, used 14487K [0x00000000d5580000, 0x00000000e5780000, 0x0000000100000000)
  eden space 220672K, 0% used [0x00000000d5580000,0x00000000d5580000,0x00000000e2d00000)
  from space 14848K, 97% used [0x00000000e4900000,0x00000000e5725d80,0x00000000e5780000)
  to   space 21504K, 0% used [0x00000000e2d80000,0x00000000e2d80000,0x00000000e4280000)
 ParOldGen       total 108032K, used 35954K [0x0000000080000000, 0x0000000086980000, 0x00000000d5580000)
  object space 108032K, 33% used [0x0000000080000000,0x000000008231c9e8,0x0000000086980000)
 Metaspace       used 62283K, capacity 65195K, committed 65320K, reserved 1105920K
  class space    used 8632K, capacity 9223K, committed 9264K, reserved 1048576K
}
Event: 903.955 GC heap before
{Heap before GC invocations=16 (full 3):
 PSYoungGen      total 235520K, used 235159K [0x00000000d5580000, 0x00000000e5780000, 0x0000000100000000)
  eden space 220672K, 100% used [0x00000000d5580000,0x00000000e2d00000,0x00000000e2d00000)
  from space 14848K, 97% used [0x00000000e4900000,0x00000000e5725d80,0x00000000e5780000)
  to   space 21504K, 0% used [0x00000000e2d80000,0x00000000e2d80000,0x00000000e4280000)
 ParOldGen       total 108032K, used 35954K [0x0000000080000000, 0x0000000086980000, 0x00000000d5580000)
  object space 108032K, 33% used [0x0000000080000000,0x000000008231c9e8,0x0000000086980000)
 Metaspace       used 70742K, capacity 73971K, committed 74152K, reserved 1114112K
  class space    used 9466K, capacity 10107K, committed 10160K, reserved 1048576K
Event: 904.063 GC heap after
Heap after GC invocations=16 (full 3):
 PSYoungGen      total 242688K, used 21502K [0x00000000d5580000, 0x00000000e8b00000, 0x0000000100000000)
  eden space 221184K, 0% used [0x00000000d5580000,0x00000000d5580000,0x00000000e2d80000)
  from space 21504K, 99% used [0x00000000e2d80000,0x00000000e427f8b0,0x00000000e4280000)
  to   space 25088K, 0% used [0x00000000e7280000,0x00000000e7280000,0x00000000e8b00000)
 ParOldGen       total 108032K, used 37020K [0x0000000080000000, 0x0000000086980000, 0x00000000d5580000)
  object space 108032K, 34% used [0x0000000080000000,0x0000000082427310,0x0000000086980000)
 Metaspace       used 70742K, capacity 73971K, committed 74152K, reserved 1114112K
  class space    used 9466K, capacity 10107K, committed 10160K, reserved 1048576K
}
Event: 905.771 GC heap before
{Heap before GC invocations=17 (full 3):
 PSYoungGen      total 242688K, used 242686K [0x00000000d5580000, 0x00000000e8b00000, 0x0000000100000000)
  eden space 221184K, 100% used [0x00000000d5580000,0x00000000e2d80000,0x00000000e2d80000)
  from space 21504K, 99% used [0x00000000e2d80000,0x00000000e427f8b0,0x00000000e4280000)
  to   space 25088K, 0% used [0x00000000e7280000,0x00000000e7280000,0x00000000e8b00000)
 ParOldGen       total 108032K, used 37043K [0x0000000080000000, 0x0000000086980000, 0x00000000d5580000)
  object space 108032K, 34% used [0x0000000080000000,0x000000008242cd20,0x0000000086980000)
 Metaspace       used 75027K, capacity 78505K, committed 78760K, reserved 1118208K
  class space    used 9937K, capacity 10624K, committed 10672K, reserved 1048576K
Event: 905.826 GC heap after
Heap after GC invocations=17 (full 3):
 PSYoungGen      total 247296K, used 25079K [0x00000000d5580000, 0x00000000ee900000, 0x0000000100000000)
  eden space 222208K, 0% used [0x00000000d5580000,0x00000000d5580000,0x00000000e2e80000)
  from space 25088K, 99% used [0x00000000e7280000,0x00000000e8afdc08,0x00000000e8b00000)
  to   space 69632K, 0% used [0x00000000e2e80000,0x00000000e2e80000,0x00000000e7280000)
 ParOldGen       total 166400K, used 146627K [0x0000000080000000, 0x000000008a280000, 0x00000000d5580000)
  object space 166400K, 88% used [0x0000000080000000,0x0000000088f30f20,0x000000008a280000)
 Metaspace       used 75027K, capacity 78505K, committed 78760K, reserved 1118208K
  class space    used 9937K, capacity 10624K, committed 10672K, reserved 1048576K
}
Event: 905.826 GC heap before
{Heap before GC invocations=18 (full 4):
 PSYoungGen      total 247296K, used 25079K [0x00000000d5580000, 0x00000000ee900000, 0x0000000100000000)
  eden space 222208K, 0% used [0x00000000d5580000,0x00000000d5580000,0x00000000e2e80000)
  from space 25088K, 99% used [0x00000000e7280000,0x00000000e8afdc08,0x00000000e8b00000)
  to   space 69632K, 0% used [0x00000000e2e80000,0x00000000e2e80000,0x00000000e7280000)
 ParOldGen       total 166400K, used 146627K [0x0000000080000000, 0x000000008a280000, 0x00000000d5580000)
  object space 166400K, 88% used [0x0000000080000000,0x0000000088f30f20,0x000000008a280000)
 Metaspace       used 75027K, capacity 78505K, committed 78760K, reserved 1118208K
  class space    used 9937K, capacity 10624K, committed 10672K, reserved 1048576K
Event: 906.033 GC heap after
Heap after GC invocations=18 (full 4):
 PSYoungGen      total 247296K, used 0K [0x00000000d5580000, 0x00000000ee900000, 0x0000000100000000)
  eden space 222208K, 0% used [0x00000000d5580000,0x00000000d5580000,0x00000000e2e80000)
  from space 25088K, 0% used [0x00000000e7280000,0x00000000e7280000,0x00000000e8b00000)
  to   space 69632K, 0% used [0x00000000e2e80000,0x00000000e2e80000,0x00000000e7280000)
 ParOldGen       total 232448K, used 99821K [0x0000000080000000, 0x000000008e300000, 0x00000000d5580000)
  object space 232448K, 42% used [0x0000000080000000,0x000000008617b6c8,0x000000008e300000)
 Metaspace       used 74832K, capacity 77947K, committed 78760K, reserved 1118208K
  class space    used 9875K, capacity 10513K, committed 10672K, reserved 1048576K
}

